Flow report for sdr_tx
Wed Oct 31 10:11:30 2018
Quartus Prime Version 17.0.0 Build 595 04/25/2017 SJ Standard Edition


---------------------
; Table of Contents ;
---------------------
  1. Legal Notice
  2. Flow Summary
  3. Flow Settings
  4. Flow Non-Default Global Settings
  5. Flow Elapsed Time
  6. Flow OS Summary
  7. Flow Log
  8. Flow Messages
  9. Flow Suppressed Messages



----------------
; Legal Notice ;
----------------
Copyright (C) 2017  Intel Corporation. All rights reserved.
Your use of Intel Corporation's design tools, logic functions 
and other software and tools, and its AMPP partner logic 
functions, and any output files from any of the foregoing 
(including device programming or simulation files), and any 
associated documentation or information are expressly subject 
to the terms and conditions of the Intel Program License 
Subscription Agreement, the Intel Quartus Prime License Agreement,
the Intel MegaCore Function License Agreement, or other 
applicable license agreement, including, without limitation, 
that your use is for the sole purpose of programming logic 
devices manufactured by Intel and sold by Intel or its 
authorized distributors.  Please refer to the applicable 
agreement for further details.



+--------------------------------------------------------------------------------------+
; Flow Summary                                                                         ;
+------------------------------------+-------------------------------------------------+
; Flow Status                        ; Successful - Wed Oct 31 10:11:30 2018           ;
; Quartus Prime Version              ; 17.0.0 Build 595 04/25/2017 SJ Standard Edition ;
; Revision Name                      ; sdr_tx                                          ;
; Top-level Entity Name              ; sdr_tx_top                                      ;
; Family                             ; Cyclone IV E                                    ;
; Device                             ; EP4CE22F17C6                                    ;
; Timing Models                      ; Final                                           ;
; Total logic elements               ; 330 / 22,320 ( 1 % )                            ;
;     Total combinational functions  ; 260 / 22,320 ( 1 % )                            ;
;     Dedicated logic registers      ; 228 / 22,320 ( 1 % )                            ;
; Total registers                    ; 228                                             ;
; Total pins                         ; 17 / 154 ( 11 % )                               ;
; Total virtual pins                 ; 0                                               ;
; Total memory bits                  ; 262,144 / 608,256 ( 43 % )                      ;
; Embedded Multiplier 9-bit elements ; 0 / 132 ( 0 % )                                 ;
; Total PLLs                         ; 1 / 4 ( 25 % )                                  ;
+------------------------------------+-------------------------------------------------+


+-----------------------------------------+
; Flow Settings                           ;
+-------------------+---------------------+
; Option            ; Setting             ;
+-------------------+---------------------+
; Start date & time ; 10/31/2018 10:10:08 ;
; Main task         ; Compilation         ;
; Revision Name     ; sdr_tx              ;
+-------------------+---------------------+


+-----------------------------------------------------------------------------------------------------------------------------+
; Flow Non-Default Global Settings                                                                                            ;
+-------------------------------------+----------------------------------------+---------------+-------------+----------------+
; Assignment Name                     ; Value                                  ; Default Value ; Entity Name ; Section Id     ;
+-------------------------------------+----------------------------------------+---------------+-------------+----------------+
; COMPILER_SIGNATURE_ID               ; 272910227228057.154096980709804        ; --            ; --          ; --             ;
; EDA_OUTPUT_DATA_FORMAT              ; Verilog Hdl                            ; --            ; --          ; eda_simulation ;
; EDA_SIMULATION_TOOL                 ; Active-HDL (Verilog)                   ; <None>        ; --          ; --             ;
; EDA_TIME_SCALE                      ; 1 ps                                   ; --            ; --          ; eda_simulation ;
; MAX_CORE_JUNCTION_TEMP              ; 85                                     ; --            ; --          ; --             ;
; MIN_CORE_JUNCTION_TEMP              ; 0                                      ; --            ; --          ; --             ;
; MISC_FILE                           ; buf_in4_inst.v                         ; --            ; --          ; --             ;
; MISC_FILE                           ; buf_in4_bb.v                           ; --            ; --          ; --             ;
; MISC_FILE                           ; buf_out11_inst.v                       ; --            ; --          ; --             ;
; MISC_FILE                           ; buf_out11_bb.v                         ; --            ; --          ; --             ;
; MISC_FILE                           ; pll1_inst.v                            ; --            ; --          ; --             ;
; MISC_FILE                           ; pll1_bb.v                              ; --            ; --          ; --             ;
; MISC_FILE                           ; pll1.ppf                               ; --            ; --          ; --             ;
; MISC_FILE                           ; rom1_inst.v                            ; --            ; --          ; --             ;
; MISC_FILE                           ; rom1_bb.v                              ; --            ; --          ; --             ;
; MISC_FILE                           ; pll2_inst.v                            ; --            ; --          ; --             ;
; MISC_FILE                           ; pll2_bb.v                              ; --            ; --          ; --             ;
; MISC_FILE                           ; pll2.ppf                               ; --            ; --          ; --             ;
; MISC_FILE                           ; pll3_inst.v                            ; --            ; --          ; --             ;
; MISC_FILE                           ; pll3_bb.v                              ; --            ; --          ; --             ;
; MISC_FILE                           ; pll3.ppf                               ; --            ; --          ; --             ;
; MISC_FILE                           ; rom65535_inst.v                        ; --            ; --          ; --             ;
; MISC_FILE                           ; rom65535_bb.v                          ; --            ; --          ; --             ;
; MISC_FILE                           ; rom2_inst.v                            ; --            ; --          ; --             ;
; MISC_FILE                           ; rom2_bb.v                              ; --            ; --          ; --             ;
; MISC_FILE                           ; rom3_inst.v                            ; --            ; --          ; --             ;
; MISC_FILE                           ; rom3_bb.v                              ; --            ; --          ; --             ;
; MISC_FILE                           ; rom4_inst.v                            ; --            ; --          ; --             ;
; MISC_FILE                           ; rom4_bb.v                              ; --            ; --          ; --             ;
; MISC_FILE                           ; rom5_inst.v                            ; --            ; --          ; --             ;
; MISC_FILE                           ; rom5_bb.v                              ; --            ; --          ; --             ;
; MISC_FILE                           ; bufin1_up_inst.v                       ; --            ; --          ; --             ;
; MISC_FILE                           ; bufin1_up_bb.v                         ; --            ; --          ; --             ;
; NOMINAL_CORE_SUPPLY_VOLTAGE         ; 1.2V                                   ; --            ; --          ; --             ;
; PARTITION_COLOR                     ; -- (Not supported for targeted family) ; --            ; sdr_tx_top  ; Top            ;
; PARTITION_FITTER_PRESERVATION_LEVEL ; -- (Not supported for targeted family) ; --            ; sdr_tx_top  ; Top            ;
; PARTITION_NETLIST_TYPE              ; -- (Not supported for targeted family) ; --            ; sdr_tx_top  ; Top            ;
; POWER_BOARD_THERMAL_MODEL           ; None (CONSERVATIVE)                    ; --            ; --          ; --             ;
; POWER_PRESET_COOLING_SOLUTION       ; 23 MM HEAT SINK WITH 200 LFPM AIRFLOW  ; --            ; --          ; --             ;
; PROJECT_OUTPUT_DIRECTORY            ; output_files                           ; --            ; --          ; --             ;
; TOP_LEVEL_ENTITY                    ; sdr_tx_top                             ; sdr_tx        ; --          ; --             ;
+-------------------------------------+----------------------------------------+---------------+-------------+----------------+


+-------------------------------------------------------------------------------------------------------------------------------+
; Flow Elapsed Time                                                                                                             ;
+---------------------------+--------------+-------------------------+---------------------+------------------------------------+
; Module Name               ; Elapsed Time ; Average Processors Used ; Peak Virtual Memory ; Total CPU Time (on all processors) ;
+---------------------------+--------------+-------------------------+---------------------+------------------------------------+
; Analysis & Synthesis      ; 00:00:24     ; 1.0                     ; 698 MB              ; 00:00:32                           ;
; Fitter                    ; 00:00:29     ; 1.0                     ; 1506 MB             ; 00:00:10                           ;
; Assembler                 ; 00:00:04     ; 1.0                     ; 552 MB              ; 00:00:02                           ;
; TimeQuest Timing Analyzer ; 00:00:05     ; 1.2                     ; 670 MB              ; 00:00:03                           ;
; EDA Netlist Writer        ; 00:00:03     ; 1.0                     ; 516 MB              ; 00:00:02                           ;
; Total                     ; 00:01:05     ; --                      ; --                  ; 00:00:49                           ;
+---------------------------+--------------+-------------------------+---------------------+------------------------------------+


+----------------------------------------------------------------------------------------+
; Flow OS Summary                                                                        ;
+---------------------------+------------------+-----------+------------+----------------+
; Module Name               ; Machine Hostname ; OS Name   ; OS Version ; Processor type ;
+---------------------------+------------------+-----------+------------+----------------+
; Analysis & Synthesis      ; lmx2315          ; Windows 7 ; 6.1        ; x86_64         ;
; Fitter                    ; lmx2315          ; Windows 7 ; 6.1        ; x86_64         ;
; Assembler                 ; lmx2315          ; Windows 7 ; 6.1        ; x86_64         ;
; TimeQuest Timing Analyzer ; lmx2315          ; Windows 7 ; 6.1        ; x86_64         ;
; EDA Netlist Writer        ; lmx2315          ; Windows 7 ; 6.1        ; x86_64         ;
+---------------------------+------------------+-----------+------------+----------------+


------------
; Flow Log ;
------------
quartus_map --read_settings_files=on --write_settings_files=off sdr_tx -c sdr_tx
quartus_fit --read_settings_files=off --write_settings_files=off sdr_tx -c sdr_tx
quartus_asm --read_settings_files=off --write_settings_files=off sdr_tx -c sdr_tx
quartus_sta sdr_tx -c sdr_tx
quartus_eda --read_settings_files=off --write_settings_files=off sdr_tx -c sdr_tx



